<?xml version="1.0" encoding="UTF-8"?>
<testsuite xmlns:xsi="http://www.w3.org/2001/XMLSchema-instance" xsi:noNamespaceSchemaLocation="https://maven.apache.org/surefire/maven-surefire-plugin/xsd/surefire-test-report.xsd" name="com.bookshopapp.BookShopMaintenanceApplicationProviderTests" time="6.211" tests="1" errors="1" skipped="0" failures="0">
  <properties>
    <property name="sun.desktop" value="windows"/>
    <property name="awt.toolkit" value="sun.awt.windows.WToolkit"/>
    <property name="file.encoding.pkg" value="sun.io"/>
    <property name="java.specification.version" value="1.8"/>
    <property name="sun.cpu.isalist" value="amd64"/>
    <property name="sun.jnu.encoding" value="Cp1252"/>
    <property name="java.class.path" value="C:\Users\win10\workspaceSts\ApiProviderPact-1\target\test-classes;C:\Users\win10\workspaceSts\ApiProviderPact-1\target\classes;C:\Users\win10\.m2\repository\org\springframework\boot\spring-boot-starter-data-jpa\2.1.10.RELEASE\spring-boot-starter-data-jpa-2.1.10.RELEASE.jar;C:\Users\win10\.m2\repository\org\springframework\boot\spring-boot-starter-aop\2.1.10.RELEASE\spring-boot-starter-aop-2.1.10.RELEASE.jar;C:\Users\win10\.m2\repository\org\springframework\spring-aop\5.1.11.RELEASE\spring-aop-5.1.11.RELEASE.jar;C:\Users\win10\.m2\repository\org\aspectj\aspectjweaver\1.9.4\aspectjweaver-1.9.4.jar;C:\Users\win10\.m2\repository\org\springframework\boot\spring-boot-starter-jdbc\2.1.10.RELEASE\spring-boot-starter-jdbc-2.1.10.RELEASE.jar;C:\Users\win10\.m2\repository\com\zaxxer\HikariCP\3.2.0\HikariCP-3.2.0.jar;C:\Users\win10\.m2\repository\org\springframework\spring-jdbc\5.1.11.RELEASE\spring-jdbc-5.1.11.RELEASE.jar;C:\Users\win10\.m2\repository\javax\transaction\javax.transaction-api\1.3\javax.transaction-api-1.3.jar;C:\Users\win10\.m2\repository\javax\xml\bind\jaxb-api\2.3.1\jaxb-api-2.3.1.jar;C:\Users\win10\.m2\repository\javax\activation\javax.activation-api\1.2.0\javax.activation-api-1.2.0.jar;C:\Users\win10\.m2\repository\org\hibernate\hibernate-core\5.3.13.Final\hibernate-core-5.3.13.Final.jar;C:\Users\win10\.m2\repository\org\jboss\logging\jboss-logging\3.3.3.Final\jboss-logging-3.3.3.Final.jar;C:\Users\win10\.m2\repository\javax\persistence\javax.persistence-api\2.2\javax.persistence-api-2.2.jar;C:\Users\win10\.m2\repository\org\javassist\javassist\3.23.2-GA\javassist-3.23.2-GA.jar;C:\Users\win10\.m2\repository\net\bytebuddy\byte-buddy\1.9.16\byte-buddy-1.9.16.jar;C:\Users\win10\.m2\repository\antlr\antlr\2.7.7\antlr-2.7.7.jar;C:\Users\win10\.m2\repository\org\jboss\jandex\2.0.5.Final\jandex-2.0.5.Final.jar;C:\Users\win10\.m2\repository\org\dom4j\dom4j\2.1.1\dom4j-2.1.1.jar;C:\Users\win10\.m2\repository\org\hibernate\common\hibernate-commons-annotations\5.0.4.Final\hibernate-commons-annotations-5.0.4.Final.jar;C:\Users\win10\.m2\repository\org\glassfish\jaxb\jaxb-runtime\2.3.1\jaxb-runtime-2.3.1.jar;C:\Users\win10\.m2\repository\org\glassfish\jaxb\txw2\2.3.1\txw2-2.3.1.jar;C:\Users\win10\.m2\repository\com\sun\istack\istack-commons-runtime\3.0.7\istack-commons-runtime-3.0.7.jar;C:\Users\win10\.m2\repository\org\jvnet\staxex\stax-ex\1.8\stax-ex-1.8.jar;C:\Users\win10\.m2\repository\com\sun\xml\fastinfoset\FastInfoset\1.2.15\FastInfoset-1.2.15.jar;C:\Users\win10\.m2\repository\org\springframework\data\spring-data-jpa\2.1.12.RELEASE\spring-data-jpa-2.1.12.RELEASE.jar;C:\Users\win10\.m2\repository\org\springframework\data\spring-data-commons\2.1.12.RELEASE\spring-data-commons-2.1.12.RELEASE.jar;C:\Users\win10\.m2\repository\org\springframework\spring-orm\5.1.11.RELEASE\spring-orm-5.1.11.RELEASE.jar;C:\Users\win10\.m2\repository\org\springframework\spring-context\5.1.11.RELEASE\spring-context-5.1.11.RELEASE.jar;C:\Users\win10\.m2\repository\org\springframework\spring-tx\5.1.11.RELEASE\spring-tx-5.1.11.RELEASE.jar;C:\Users\win10\.m2\repository\org\springframework\spring-beans\5.1.11.RELEASE\spring-beans-5.1.11.RELEASE.jar;C:\Users\win10\.m2\repository\org\springframework\spring-aspects\5.1.11.RELEASE\spring-aspects-5.1.11.RELEASE.jar;C:\Users\win10\.m2\repository\org\springframework\boot\spring-boot-starter-hateoas\2.1.10.RELEASE\spring-boot-starter-hateoas-2.1.10.RELEASE.jar;C:\Users\win10\.m2\repository\org\springframework\hateoas\spring-hateoas\0.25.2.RELEASE\spring-hateoas-0.25.2.RELEASE.jar;C:\Users\win10\.m2\repository\org\springframework\plugin\spring-plugin-core\1.2.0.RELEASE\spring-plugin-core-1.2.0.RELEASE.jar;C:\Users\win10\.m2\repository\io\springfox\springfox-swagger2\2.9.2\springfox-swagger2-2.9.2.jar;C:\Users\win10\.m2\repository\io\swagger\swagger-annotations\1.5.20\swagger-annotations-1.5.20.jar;C:\Users\win10\.m2\repository\io\swagger\swagger-models\1.5.20\swagger-models-1.5.20.jar;C:\Users\win10\.m2\repository\com\fasterxml\jackson\core\jackson-annotations\2.9.10\jackson-annotations-2.9.10.jar;C:\Users\win10\.m2\repository\io\springfox\springfox-spi\2.9.2\springfox-spi-2.9.2.jar;C:\Users\win10\.m2\repository\io\springfox\springfox-core\2.9.2\springfox-core-2.9.2.jar;C:\Users\win10\.m2\repository\io\springfox\springfox-schema\2.9.2\springfox-schema-2.9.2.jar;C:\Users\win10\.m2\repository\io\springfox\springfox-swagger-common\2.9.2\springfox-swagger-common-2.9.2.jar;C:\Users\win10\.m2\repository\io\springfox\springfox-spring-web\2.9.2\springfox-spring-web-2.9.2.jar;C:\Users\win10\.m2\repository\com\google\guava\guava\20.0\guava-20.0.jar;C:\Users\win10\.m2\repository\com\fasterxml\classmate\1.4.0\classmate-1.4.0.jar;C:\Users\win10\.m2\repository\org\slf4j\slf4j-api\1.7.29\slf4j-api-1.7.29.jar;C:\Users\win10\.m2\repository\org\springframework\plugin\spring-plugin-metadata\1.2.0.RELEASE\spring-plugin-metadata-1.2.0.RELEASE.jar;C:\Users\win10\.m2\repository\org\mapstruct\mapstruct\1.2.0.Final\mapstruct-1.2.0.Final.jar;C:\Users\win10\.m2\repository\io\springfox\springfox-swagger-ui\2.9.2\springfox-swagger-ui-2.9.2.jar;C:\Users\win10\.m2\repository\org\springframework\boot\spring-boot-starter-web\2.1.10.RELEASE\spring-boot-starter-web-2.1.10.RELEASE.jar;C:\Users\win10\.m2\repository\org\springframework\boot\spring-boot-starter\2.1.10.RELEASE\spring-boot-starter-2.1.10.RELEASE.jar;C:\Users\win10\.m2\repository\org\springframework\boot\spring-boot-starter-logging\2.1.10.RELEASE\spring-boot-starter-logging-2.1.10.RELEASE.jar;C:\Users\win10\.m2\repository\ch\qos\logback\logback-classic\1.2.3\logback-classic-1.2.3.jar;C:\Users\win10\.m2\repository\ch\qos\logback\logback-core\1.2.3\logback-core-1.2.3.jar;C:\Users\win10\.m2\repository\org\apache\logging\log4j\log4j-to-slf4j\2.11.2\log4j-to-slf4j-2.11.2.jar;C:\Users\win10\.m2\repository\org\apache\logging\log4j\log4j-api\2.11.2\log4j-api-2.11.2.jar;C:\Users\win10\.m2\repository\org\slf4j\jul-to-slf4j\1.7.29\jul-to-slf4j-1.7.29.jar;C:\Users\win10\.m2\repository\javax\annotation\javax.annotation-api\1.3.2\javax.annotation-api-1.3.2.jar;C:\Users\win10\.m2\repository\org\yaml\snakeyaml\1.23\snakeyaml-1.23.jar;C:\Users\win10\.m2\repository\org\springframework\boot\spring-boot-starter-json\2.1.10.RELEASE\spring-boot-starter-json-2.1.10.RELEASE.jar;C:\Users\win10\.m2\repository\com\fasterxml\jackson\core\jackson-databind\2.9.10.1\jackson-databind-2.9.10.1.jar;C:\Users\win10\.m2\repository\com\fasterxml\jackson\core\jackson-core\2.9.10\jackson-core-2.9.10.jar;C:\Users\win10\.m2\repository\com\fasterxml\jackson\datatype\jackson-datatype-jdk8\2.9.10\jackson-datatype-jdk8-2.9.10.jar;C:\Users\win10\.m2\repository\com\fasterxml\jackson\datatype\jackson-datatype-jsr310\2.9.10\jackson-datatype-jsr310-2.9.10.jar;C:\Users\win10\.m2\repository\com\fasterxml\jackson\module\jackson-module-parameter-names\2.9.10\jackson-module-parameter-names-2.9.10.jar;C:\Users\win10\.m2\repository\org\springframework\boot\spring-boot-starter-tomcat\2.1.10.RELEASE\spring-boot-starter-tomcat-2.1.10.RELEASE.jar;C:\Users\win10\.m2\repository\org\apache\tomcat\embed\tomcat-embed-core\9.0.27\tomcat-embed-core-9.0.27.jar;C:\Users\win10\.m2\repository\org\apache\tomcat\embed\tomcat-embed-el\9.0.27\tomcat-embed-el-9.0.27.jar;C:\Users\win10\.m2\repository\org\apache\tomcat\embed\tomcat-embed-websocket\9.0.27\tomcat-embed-websocket-9.0.27.jar;C:\Users\win10\.m2\repository\org\hibernate\validator\hibernate-validator\6.0.18.Final\hibernate-validator-6.0.18.Final.jar;C:\Users\win10\.m2\repository\javax\validation\validation-api\2.0.1.Final\validation-api-2.0.1.Final.jar;C:\Users\win10\.m2\repository\org\springframework\spring-web\5.1.11.RELEASE\spring-web-5.1.11.RELEASE.jar;C:\Users\win10\.m2\repository\org\springframework\spring-webmvc\5.1.11.RELEASE\spring-webmvc-5.1.11.RELEASE.jar;C:\Users\win10\.m2\repository\org\springframework\spring-expression\5.1.11.RELEASE\spring-expression-5.1.11.RELEASE.jar;C:\Users\win10\.m2\repository\org\springframework\boot\spring-boot-devtools\2.1.10.RELEASE\spring-boot-devtools-2.1.10.RELEASE.jar;C:\Users\win10\.m2\repository\org\springframework\boot\spring-boot\2.1.10.RELEASE\spring-boot-2.1.10.RELEASE.jar;C:\Users\win10\.m2\repository\org\springframework\boot\spring-boot-autoconfigure\2.1.10.RELEASE\spring-boot-autoconfigure-2.1.10.RELEASE.jar;C:\Users\win10\.m2\repository\mysql\mysql-connector-java\8.0.18\mysql-connector-java-8.0.18.jar;C:\Users\win10\.m2\repository\org\springframework\boot\spring-boot-starter-test\2.1.10.RELEASE\spring-boot-starter-test-2.1.10.RELEASE.jar;C:\Users\win10\.m2\repository\org\springframework\boot\spring-boot-test\2.1.10.RELEASE\spring-boot-test-2.1.10.RELEASE.jar;C:\Users\win10\.m2\repository\org\springframework\boot\spring-boot-test-autoconfigure\2.1.10.RELEASE\spring-boot-test-autoconfigure-2.1.10.RELEASE.jar;C:\Users\win10\.m2\repository\com\jayway\jsonpath\json-path\2.4.0\json-path-2.4.0.jar;C:\Users\win10\.m2\repository\net\minidev\json-smart\2.3\json-smart-2.3.jar;C:\Users\win10\.m2\repository\net\minidev\accessors-smart\1.2\accessors-smart-1.2.jar;C:\Users\win10\.m2\repository\org\ow2\asm\asm\5.0.4\asm-5.0.4.jar;C:\Users\win10\.m2\repository\junit\junit\4.12\junit-4.12.jar;C:\Users\win10\.m2\repository\org\assertj\assertj-core\3.11.1\assertj-core-3.11.1.jar;C:\Users\win10\.m2\repository\org\mockito\mockito-core\2.23.4\mockito-core-2.23.4.jar;C:\Users\win10\.m2\repository\net\bytebuddy\byte-buddy-agent\1.9.16\byte-buddy-agent-1.9.16.jar;C:\Users\win10\.m2\repository\org\objenesis\objenesis\2.6\objenesis-2.6.jar;C:\Users\win10\.m2\repository\org\hamcrest\hamcrest-core\1.3\hamcrest-core-1.3.jar;C:\Users\win10\.m2\repository\org\hamcrest\hamcrest-library\1.3\hamcrest-library-1.3.jar;C:\Users\win10\.m2\repository\org\skyscreamer\jsonassert\1.5.0\jsonassert-1.5.0.jar;C:\Users\win10\.m2\repository\com\vaadin\external\google\android-json\0.0.20131108.vaadin1\android-json-0.0.20131108.vaadin1.jar;C:\Users\win10\.m2\repository\org\springframework\spring-core\5.1.11.RELEASE\spring-core-5.1.11.RELEASE.jar;C:\Users\win10\.m2\repository\org\springframework\spring-jcl\5.1.11.RELEASE\spring-jcl-5.1.11.RELEASE.jar;C:\Users\win10\.m2\repository\org\springframework\spring-test\5.1.11.RELEASE\spring-test-5.1.11.RELEASE.jar;C:\Users\win10\.m2\repository\org\xmlunit\xmlunit-core\2.6.3\xmlunit-core-2.6.3.jar;C:\Users\win10\.m2\repository\au\com\dius\pact-jvm-provider-junit_2.12\3.6.14\pact-jvm-provider-junit_2.12-3.6.14.jar;C:\Users\win10\.m2\repository\au\com\dius\pact-jvm-support\3.6.14\pact-jvm-support-3.6.14.jar;C:\Users\win10\.m2\repository\org\jetbrains\kotlin\kotlin-stdlib-jdk8\1.2.71\kotlin-stdlib-jdk8-1.2.71.jar;C:\Users\win10\.m2\repository\org\jetbrains\kotlin\kotlin-stdlib\1.2.71\kotlin-stdlib-1.2.71.jar;C:\Users\win10\.m2\repository\org\jetbrains\kotlin\kotlin-stdlib-common\1.2.71\kotlin-stdlib-common-1.2.71.jar;C:\Users\win10\.m2\repository\org\jetbrains\annotations\13.0\annotations-13.0.jar;C:\Users\win10\.m2\repository\org\jetbrains\kotlin\kotlin-stdlib-jdk7\1.2.71\kotlin-stdlib-jdk7-1.2.71.jar;C:\Users\win10\.m2\repository\com\google\code\findbugs\jsr305\3.0.2\jsr305-3.0.2.jar;C:\Users\win10\.m2\repository\com\google\code\gson\gson\2.8.6\gson-2.8.6.jar;C:\Users\win10\.m2\repository\com\github\salomonbrys\kotson\kotson\2.5.0\kotson-2.5.0.jar;C:\Users\win10\.m2\repository\au\com\dius\pact-jvm-provider_2.12\3.6.14\pact-jvm-provider_2.12-3.6.14.jar;C:\Users\win10\.m2\repository\au\com\dius\pact-jvm-model\3.6.14\pact-jvm-model-3.6.14.jar;C:\Users\win10\.m2\repository\com\github\zafarkhaja\java-semver\0.9.0\java-semver-0.9.0.jar;C:\Users\win10\.m2\repository\org\apache\commons\commons-collections4\4.1\commons-collections4-4.1.jar;C:\Users\win10\.m2\repository\com\github\mifmif\generex\1.0.2\generex-1.0.2.jar;C:\Users\win10\.m2\repository\dk\brics\automaton\automaton\1.11-8\automaton-1.11-8.jar;C:\Users\win10\.m2\repository\org\jetbrains\kotlin\kotlin-reflect\1.2.71\kotlin-reflect-1.2.71.jar;C:\Users\win10\.m2\repository\com\amazonaws\aws-java-sdk-s3\1.11.587\aws-java-sdk-s3-1.11.587.jar;C:\Users\win10\.m2\repository\com\amazonaws\aws-java-sdk-kms\1.11.587\aws-java-sdk-kms-1.11.587.jar;C:\Users\win10\.m2\repository\com\amazonaws\aws-java-sdk-core\1.11.587\aws-java-sdk-core-1.11.587.jar;C:\Users\win10\.m2\repository\software\amazon\ion\ion-java\1.0.2\ion-java-1.0.2.jar;C:\Users\win10\.m2\repository\com\fasterxml\jackson\dataformat\jackson-dataformat-cbor\2.9.10\jackson-dataformat-cbor-2.9.10.jar;C:\Users\win10\.m2\repository\joda-time\joda-time\2.10.5\joda-time-2.10.5.jar;C:\Users\win10\.m2\repository\com\amazonaws\jmespath-java\1.11.587\jmespath-java-1.11.587.jar;C:\Users\win10\.m2\repository\au\com\dius\pact-jvm-pact-broker\3.6.14\pact-jvm-pact-broker-3.6.14.jar;C:\Users\win10\.m2\repository\org\codehaus\groovy\groovy\2.5.8\groovy-2.5.8.jar;C:\Users\win10\.m2\repository\org\codehaus\groovy\groovy-json\2.5.8\groovy-json-2.5.8.jar;C:\Users\win10\.m2\repository\org\dmfs\rfc3986-uri\0.8\rfc3986-uri-0.8.jar;C:\Users\win10\.m2\repository\org\dmfs\iterators\1.5\iterators-1.5.jar;C:\Users\win10\.m2\repository\org\dmfs\optional\0.3\optional-0.3.jar;C:\Users\win10\.m2\repository\io\github\microutils\kotlin-logging\1.4.4\kotlin-logging-1.4.4.jar;C:\Users\win10\.m2\repository\au\com\dius\pact-jvm-matchers_2.12\3.6.14\pact-jvm-matchers_2.12-3.6.14.jar;C:\Users\win10\.m2\repository\io\gatling\jsonpath_2.12\0.6.10\jsonpath_2.12-0.6.10.jar;C:\Users\win10\.m2\repository\org\scala-lang\modules\scala-parser-combinators_2.12\1.0.6\scala-parser-combinators_2.12-1.0.6.jar;C:\Users\win10\.m2\repository\com\googlecode\java-diff-utils\diffutils\1.3.0\diffutils-1.3.0.jar;C:\Users\win10\.m2\repository\org\scala-lang\modules\scala-xml_2.12\1.0.6\scala-xml_2.12-1.0.6.jar;C:\Users\win10\.m2\repository\org\scala-lang\scala-library\2.12.7\scala-library-2.12.7.jar;C:\Users\win10\.m2\repository\com\typesafe\scala-logging\scala-logging_2.12\3.7.2\scala-logging_2.12-3.7.2.jar;C:\Users\win10\.m2\repository\org\atteo\evo-inflector\1.2.2\evo-inflector-1.2.2.jar;C:\Users\win10\.m2\repository\commons-io\commons-io\2.5\commons-io-2.5.jar;C:\Users\win10\.m2\repository\org\fusesource\jansi\jansi\1.17.1\jansi-1.17.1.jar;C:\Users\win10\.m2\repository\org\reflections\reflections\0.9.11\reflections-0.9.11.jar;C:\Users\win10\.m2\repository\org\scala-lang\modules\scala-java8-compat_2.12\0.9.0\scala-java8-compat_2.12-0.9.0.jar;C:\Users\win10\.m2\repository\org\apache\httpcomponents\fluent-hc\4.5.10\fluent-hc-4.5.10.jar;C:\Users\win10\.m2\repository\commons-logging\commons-logging\1.2\commons-logging-1.2.jar;C:\Users\win10\.m2\repository\org\apache\httpcomponents\httpclient\4.5.10\httpclient-4.5.10.jar;C:\Users\win10\.m2\repository\org\apache\httpcomponents\httpcore\4.4.12\httpcore-4.4.12.jar;C:\Users\win10\.m2\repository\commons-codec\commons-codec\1.11\commons-codec-1.11.jar;C:\Users\win10\.m2\repository\org\apache\commons\commons-lang3\3.8.1\commons-lang3-3.8.1.jar;C:\Users\win10\.m2\repository\org\jooq\jool\0.9.14\jool-0.9.14.jar;C:\Users\win10\.m2\repository\com\github\rholder\guava-retrying\2.0.0\guava-retrying-2.0.0.jar;C:\Users\win10\.m2\repository\javax\mail\mail\1.5.0-b01\mail-1.5.0-b01.jar;C:\Users\win10\.m2\repository\javax\activation\activation\1.1\activation-1.1.jar;"/>
    <property name="java.vm.vendor" value="Oracle Corporation"/>
    <property name="sun.arch.data.model" value="64"/>
    <property name="user.variant" value=""/>
    <property name="java.vendor.url" value="http://java.oracle.com/"/>
    <property name="user.timezone" value="Asia/Calcutta"/>
    <property name="pactbroker.protocol" value="https"/>
    <property name="java.vm.specification.version" value="1.8"/>
    <property name="os.name" value="Windows 10"/>
    <property name="user.country" value="US"/>
    <property name="sun.java.launcher" value="SUN_STANDARD"/>
    <property name="sun.boot.library.path" value="C:\Program Files\Java\jdk1.8.0_221\jre\bin"/>
    <property name="sun.java.command" value="C:\Users\win10\AppData\Local\Temp\surefire8997951918001787588\surefirebooter9015776613054178462.jar C:\Users\win10\AppData\Local\Temp\surefire8997951918001787588 2020-06-07T16-46-03_958-jvmRun1 surefire5851692308511189958tmp surefire_08908321342354939628tmp"/>
    <property name="surefire.test.class.path" value="C:\Users\win10\workspaceSts\ApiProviderPact-1\target\test-classes;C:\Users\win10\workspaceSts\ApiProviderPact-1\target\classes;C:\Users\win10\.m2\repository\org\springframework\boot\spring-boot-starter-data-jpa\2.1.10.RELEASE\spring-boot-starter-data-jpa-2.1.10.RELEASE.jar;C:\Users\win10\.m2\repository\org\springframework\boot\spring-boot-starter-aop\2.1.10.RELEASE\spring-boot-starter-aop-2.1.10.RELEASE.jar;C:\Users\win10\.m2\repository\org\springframework\spring-aop\5.1.11.RELEASE\spring-aop-5.1.11.RELEASE.jar;C:\Users\win10\.m2\repository\org\aspectj\aspectjweaver\1.9.4\aspectjweaver-1.9.4.jar;C:\Users\win10\.m2\repository\org\springframework\boot\spring-boot-starter-jdbc\2.1.10.RELEASE\spring-boot-starter-jdbc-2.1.10.RELEASE.jar;C:\Users\win10\.m2\repository\com\zaxxer\HikariCP\3.2.0\HikariCP-3.2.0.jar;C:\Users\win10\.m2\repository\org\springframework\spring-jdbc\5.1.11.RELEASE\spring-jdbc-5.1.11.RELEASE.jar;C:\Users\win10\.m2\repository\javax\transaction\javax.transaction-api\1.3\javax.transaction-api-1.3.jar;C:\Users\win10\.m2\repository\javax\xml\bind\jaxb-api\2.3.1\jaxb-api-2.3.1.jar;C:\Users\win10\.m2\repository\javax\activation\javax.activation-api\1.2.0\javax.activation-api-1.2.0.jar;C:\Users\win10\.m2\repository\org\hibernate\hibernate-core\5.3.13.Final\hibernate-core-5.3.13.Final.jar;C:\Users\win10\.m2\repository\org\jboss\logging\jboss-logging\3.3.3.Final\jboss-logging-3.3.3.Final.jar;C:\Users\win10\.m2\repository\javax\persistence\javax.persistence-api\2.2\javax.persistence-api-2.2.jar;C:\Users\win10\.m2\repository\org\javassist\javassist\3.23.2-GA\javassist-3.23.2-GA.jar;C:\Users\win10\.m2\repository\net\bytebuddy\byte-buddy\1.9.16\byte-buddy-1.9.16.jar;C:\Users\win10\.m2\repository\antlr\antlr\2.7.7\antlr-2.7.7.jar;C:\Users\win10\.m2\repository\org\jboss\jandex\2.0.5.Final\jandex-2.0.5.Final.jar;C:\Users\win10\.m2\repository\org\dom4j\dom4j\2.1.1\dom4j-2.1.1.jar;C:\Users\win10\.m2\repository\org\hibernate\common\hibernate-commons-annotations\5.0.4.Final\hibernate-commons-annotations-5.0.4.Final.jar;C:\Users\win10\.m2\repository\org\glassfish\jaxb\jaxb-runtime\2.3.1\jaxb-runtime-2.3.1.jar;C:\Users\win10\.m2\repository\org\glassfish\jaxb\txw2\2.3.1\txw2-2.3.1.jar;C:\Users\win10\.m2\repository\com\sun\istack\istack-commons-runtime\3.0.7\istack-commons-runtime-3.0.7.jar;C:\Users\win10\.m2\repository\org\jvnet\staxex\stax-ex\1.8\stax-ex-1.8.jar;C:\Users\win10\.m2\repository\com\sun\xml\fastinfoset\FastInfoset\1.2.15\FastInfoset-1.2.15.jar;C:\Users\win10\.m2\repository\org\springframework\data\spring-data-jpa\2.1.12.RELEASE\spring-data-jpa-2.1.12.RELEASE.jar;C:\Users\win10\.m2\repository\org\springframework\data\spring-data-commons\2.1.12.RELEASE\spring-data-commons-2.1.12.RELEASE.jar;C:\Users\win10\.m2\repository\org\springframework\spring-orm\5.1.11.RELEASE\spring-orm-5.1.11.RELEASE.jar;C:\Users\win10\.m2\repository\org\springframework\spring-context\5.1.11.RELEASE\spring-context-5.1.11.RELEASE.jar;C:\Users\win10\.m2\repository\org\springframework\spring-tx\5.1.11.RELEASE\spring-tx-5.1.11.RELEASE.jar;C:\Users\win10\.m2\repository\org\springframework\spring-beans\5.1.11.RELEASE\spring-beans-5.1.11.RELEASE.jar;C:\Users\win10\.m2\repository\org\springframework\spring-aspects\5.1.11.RELEASE\spring-aspects-5.1.11.RELEASE.jar;C:\Users\win10\.m2\repository\org\springframework\boot\spring-boot-starter-hateoas\2.1.10.RELEASE\spring-boot-starter-hateoas-2.1.10.RELEASE.jar;C:\Users\win10\.m2\repository\org\springframework\hateoas\spring-hateoas\0.25.2.RELEASE\spring-hateoas-0.25.2.RELEASE.jar;C:\Users\win10\.m2\repository\org\springframework\plugin\spring-plugin-core\1.2.0.RELEASE\spring-plugin-core-1.2.0.RELEASE.jar;C:\Users\win10\.m2\repository\io\springfox\springfox-swagger2\2.9.2\springfox-swagger2-2.9.2.jar;C:\Users\win10\.m2\repository\io\swagger\swagger-annotations\1.5.20\swagger-annotations-1.5.20.jar;C:\Users\win10\.m2\repository\io\swagger\swagger-models\1.5.20\swagger-models-1.5.20.jar;C:\Users\win10\.m2\repository\com\fasterxml\jackson\core\jackson-annotations\2.9.10\jackson-annotations-2.9.10.jar;C:\Users\win10\.m2\repository\io\springfox\springfox-spi\2.9.2\springfox-spi-2.9.2.jar;C:\Users\win10\.m2\repository\io\springfox\springfox-core\2.9.2\springfox-core-2.9.2.jar;C:\Users\win10\.m2\repository\io\springfox\springfox-schema\2.9.2\springfox-schema-2.9.2.jar;C:\Users\win10\.m2\repository\io\springfox\springfox-swagger-common\2.9.2\springfox-swagger-common-2.9.2.jar;C:\Users\win10\.m2\repository\io\springfox\springfox-spring-web\2.9.2\springfox-spring-web-2.9.2.jar;C:\Users\win10\.m2\repository\com\google\guava\guava\20.0\guava-20.0.jar;C:\Users\win10\.m2\repository\com\fasterxml\classmate\1.4.0\classmate-1.4.0.jar;C:\Users\win10\.m2\repository\org\slf4j\slf4j-api\1.7.29\slf4j-api-1.7.29.jar;C:\Users\win10\.m2\repository\org\springframework\plugin\spring-plugin-metadata\1.2.0.RELEASE\spring-plugin-metadata-1.2.0.RELEASE.jar;C:\Users\win10\.m2\repository\org\mapstruct\mapstruct\1.2.0.Final\mapstruct-1.2.0.Final.jar;C:\Users\win10\.m2\repository\io\springfox\springfox-swagger-ui\2.9.2\springfox-swagger-ui-2.9.2.jar;C:\Users\win10\.m2\repository\org\springframework\boot\spring-boot-starter-web\2.1.10.RELEASE\spring-boot-starter-web-2.1.10.RELEASE.jar;C:\Users\win10\.m2\repository\org\springframework\boot\spring-boot-starter\2.1.10.RELEASE\spring-boot-starter-2.1.10.RELEASE.jar;C:\Users\win10\.m2\repository\org\springframework\boot\spring-boot-starter-logging\2.1.10.RELEASE\spring-boot-starter-logging-2.1.10.RELEASE.jar;C:\Users\win10\.m2\repository\ch\qos\logback\logback-classic\1.2.3\logback-classic-1.2.3.jar;C:\Users\win10\.m2\repository\ch\qos\logback\logback-core\1.2.3\logback-core-1.2.3.jar;C:\Users\win10\.m2\repository\org\apache\logging\log4j\log4j-to-slf4j\2.11.2\log4j-to-slf4j-2.11.2.jar;C:\Users\win10\.m2\repository\org\apache\logging\log4j\log4j-api\2.11.2\log4j-api-2.11.2.jar;C:\Users\win10\.m2\repository\org\slf4j\jul-to-slf4j\1.7.29\jul-to-slf4j-1.7.29.jar;C:\Users\win10\.m2\repository\javax\annotation\javax.annotation-api\1.3.2\javax.annotation-api-1.3.2.jar;C:\Users\win10\.m2\repository\org\yaml\snakeyaml\1.23\snakeyaml-1.23.jar;C:\Users\win10\.m2\repository\org\springframework\boot\spring-boot-starter-json\2.1.10.RELEASE\spring-boot-starter-json-2.1.10.RELEASE.jar;C:\Users\win10\.m2\repository\com\fasterxml\jackson\core\jackson-databind\2.9.10.1\jackson-databind-2.9.10.1.jar;C:\Users\win10\.m2\repository\com\fasterxml\jackson\core\jackson-core\2.9.10\jackson-core-2.9.10.jar;C:\Users\win10\.m2\repository\com\fasterxml\jackson\datatype\jackson-datatype-jdk8\2.9.10\jackson-datatype-jdk8-2.9.10.jar;C:\Users\win10\.m2\repository\com\fasterxml\jackson\datatype\jackson-datatype-jsr310\2.9.10\jackson-datatype-jsr310-2.9.10.jar;C:\Users\win10\.m2\repository\com\fasterxml\jackson\module\jackson-module-parameter-names\2.9.10\jackson-module-parameter-names-2.9.10.jar;C:\Users\win10\.m2\repository\org\springframework\boot\spring-boot-starter-tomcat\2.1.10.RELEASE\spring-boot-starter-tomcat-2.1.10.RELEASE.jar;C:\Users\win10\.m2\repository\org\apache\tomcat\embed\tomcat-embed-core\9.0.27\tomcat-embed-core-9.0.27.jar;C:\Users\win10\.m2\repository\org\apache\tomcat\embed\tomcat-embed-el\9.0.27\tomcat-embed-el-9.0.27.jar;C:\Users\win10\.m2\repository\org\apache\tomcat\embed\tomcat-embed-websocket\9.0.27\tomcat-embed-websocket-9.0.27.jar;C:\Users\win10\.m2\repository\org\hibernate\validator\hibernate-validator\6.0.18.Final\hibernate-validator-6.0.18.Final.jar;C:\Users\win10\.m2\repository\javax\validation\validation-api\2.0.1.Final\validation-api-2.0.1.Final.jar;C:\Users\win10\.m2\repository\org\springframework\spring-web\5.1.11.RELEASE\spring-web-5.1.11.RELEASE.jar;C:\Users\win10\.m2\repository\org\springframework\spring-webmvc\5.1.11.RELEASE\spring-webmvc-5.1.11.RELEASE.jar;C:\Users\win10\.m2\repository\org\springframework\spring-expression\5.1.11.RELEASE\spring-expression-5.1.11.RELEASE.jar;C:\Users\win10\.m2\repository\org\springframework\boot\spring-boot-devtools\2.1.10.RELEASE\spring-boot-devtools-2.1.10.RELEASE.jar;C:\Users\win10\.m2\repository\org\springframework\boot\spring-boot\2.1.10.RELEASE\spring-boot-2.1.10.RELEASE.jar;C:\Users\win10\.m2\repository\org\springframework\boot\spring-boot-autoconfigure\2.1.10.RELEASE\spring-boot-autoconfigure-2.1.10.RELEASE.jar;C:\Users\win10\.m2\repository\mysql\mysql-connector-java\8.0.18\mysql-connector-java-8.0.18.jar;C:\Users\win10\.m2\repository\org\springframework\boot\spring-boot-starter-test\2.1.10.RELEASE\spring-boot-starter-test-2.1.10.RELEASE.jar;C:\Users\win10\.m2\repository\org\springframework\boot\spring-boot-test\2.1.10.RELEASE\spring-boot-test-2.1.10.RELEASE.jar;C:\Users\win10\.m2\repository\org\springframework\boot\spring-boot-test-autoconfigure\2.1.10.RELEASE\spring-boot-test-autoconfigure-2.1.10.RELEASE.jar;C:\Users\win10\.m2\repository\com\jayway\jsonpath\json-path\2.4.0\json-path-2.4.0.jar;C:\Users\win10\.m2\repository\net\minidev\json-smart\2.3\json-smart-2.3.jar;C:\Users\win10\.m2\repository\net\minidev\accessors-smart\1.2\accessors-smart-1.2.jar;C:\Users\win10\.m2\repository\org\ow2\asm\asm\5.0.4\asm-5.0.4.jar;C:\Users\win10\.m2\repository\junit\junit\4.12\junit-4.12.jar;C:\Users\win10\.m2\repository\org\assertj\assertj-core\3.11.1\assertj-core-3.11.1.jar;C:\Users\win10\.m2\repository\org\mockito\mockito-core\2.23.4\mockito-core-2.23.4.jar;C:\Users\win10\.m2\repository\net\bytebuddy\byte-buddy-agent\1.9.16\byte-buddy-agent-1.9.16.jar;C:\Users\win10\.m2\repository\org\objenesis\objenesis\2.6\objenesis-2.6.jar;C:\Users\win10\.m2\repository\org\hamcrest\hamcrest-core\1.3\hamcrest-core-1.3.jar;C:\Users\win10\.m2\repository\org\hamcrest\hamcrest-library\1.3\hamcrest-library-1.3.jar;C:\Users\win10\.m2\repository\org\skyscreamer\jsonassert\1.5.0\jsonassert-1.5.0.jar;C:\Users\win10\.m2\repository\com\vaadin\external\google\android-json\0.0.20131108.vaadin1\android-json-0.0.20131108.vaadin1.jar;C:\Users\win10\.m2\repository\org\springframework\spring-core\5.1.11.RELEASE\spring-core-5.1.11.RELEASE.jar;C:\Users\win10\.m2\repository\org\springframework\spring-jcl\5.1.11.RELEASE\spring-jcl-5.1.11.RELEASE.jar;C:\Users\win10\.m2\repository\org\springframework\spring-test\5.1.11.RELEASE\spring-test-5.1.11.RELEASE.jar;C:\Users\win10\.m2\repository\org\xmlunit\xmlunit-core\2.6.3\xmlunit-core-2.6.3.jar;C:\Users\win10\.m2\repository\au\com\dius\pact-jvm-provider-junit_2.12\3.6.14\pact-jvm-provider-junit_2.12-3.6.14.jar;C:\Users\win10\.m2\repository\au\com\dius\pact-jvm-support\3.6.14\pact-jvm-support-3.6.14.jar;C:\Users\win10\.m2\repository\org\jetbrains\kotlin\kotlin-stdlib-jdk8\1.2.71\kotlin-stdlib-jdk8-1.2.71.jar;C:\Users\win10\.m2\repository\org\jetbrains\kotlin\kotlin-stdlib\1.2.71\kotlin-stdlib-1.2.71.jar;C:\Users\win10\.m2\repository\org\jetbrains\kotlin\kotlin-stdlib-common\1.2.71\kotlin-stdlib-common-1.2.71.jar;C:\Users\win10\.m2\repository\org\jetbrains\annotations\13.0\annotations-13.0.jar;C:\Users\win10\.m2\repository\org\jetbrains\kotlin\kotlin-stdlib-jdk7\1.2.71\kotlin-stdlib-jdk7-1.2.71.jar;C:\Users\win10\.m2\repository\com\google\code\findbugs\jsr305\3.0.2\jsr305-3.0.2.jar;C:\Users\win10\.m2\repository\com\google\code\gson\gson\2.8.6\gson-2.8.6.jar;C:\Users\win10\.m2\repository\com\github\salomonbrys\kotson\kotson\2.5.0\kotson-2.5.0.jar;C:\Users\win10\.m2\repository\au\com\dius\pact-jvm-provider_2.12\3.6.14\pact-jvm-provider_2.12-3.6.14.jar;C:\Users\win10\.m2\repository\au\com\dius\pact-jvm-model\3.6.14\pact-jvm-model-3.6.14.jar;C:\Users\win10\.m2\repository\com\github\zafarkhaja\java-semver\0.9.0\java-semver-0.9.0.jar;C:\Users\win10\.m2\repository\org\apache\commons\commons-collections4\4.1\commons-collections4-4.1.jar;C:\Users\win10\.m2\repository\com\github\mifmif\generex\1.0.2\generex-1.0.2.jar;C:\Users\win10\.m2\repository\dk\brics\automaton\automaton\1.11-8\automaton-1.11-8.jar;C:\Users\win10\.m2\repository\org\jetbrains\kotlin\kotlin-reflect\1.2.71\kotlin-reflect-1.2.71.jar;C:\Users\win10\.m2\repository\com\amazonaws\aws-java-sdk-s3\1.11.587\aws-java-sdk-s3-1.11.587.jar;C:\Users\win10\.m2\repository\com\amazonaws\aws-java-sdk-kms\1.11.587\aws-java-sdk-kms-1.11.587.jar;C:\Users\win10\.m2\repository\com\amazonaws\aws-java-sdk-core\1.11.587\aws-java-sdk-core-1.11.587.jar;C:\Users\win10\.m2\repository\software\amazon\ion\ion-java\1.0.2\ion-java-1.0.2.jar;C:\Users\win10\.m2\repository\com\fasterxml\jackson\dataformat\jackson-dataformat-cbor\2.9.10\jackson-dataformat-cbor-2.9.10.jar;C:\Users\win10\.m2\repository\joda-time\joda-time\2.10.5\joda-time-2.10.5.jar;C:\Users\win10\.m2\repository\com\amazonaws\jmespath-java\1.11.587\jmespath-java-1.11.587.jar;C:\Users\win10\.m2\repository\au\com\dius\pact-jvm-pact-broker\3.6.14\pact-jvm-pact-broker-3.6.14.jar;C:\Users\win10\.m2\repository\org\codehaus\groovy\groovy\2.5.8\groovy-2.5.8.jar;C:\Users\win10\.m2\repository\org\codehaus\groovy\groovy-json\2.5.8\groovy-json-2.5.8.jar;C:\Users\win10\.m2\repository\org\dmfs\rfc3986-uri\0.8\rfc3986-uri-0.8.jar;C:\Users\win10\.m2\repository\org\dmfs\iterators\1.5\iterators-1.5.jar;C:\Users\win10\.m2\repository\org\dmfs\optional\0.3\optional-0.3.jar;C:\Users\win10\.m2\repository\io\github\microutils\kotlin-logging\1.4.4\kotlin-logging-1.4.4.jar;C:\Users\win10\.m2\repository\au\com\dius\pact-jvm-matchers_2.12\3.6.14\pact-jvm-matchers_2.12-3.6.14.jar;C:\Users\win10\.m2\repository\io\gatling\jsonpath_2.12\0.6.10\jsonpath_2.12-0.6.10.jar;C:\Users\win10\.m2\repository\org\scala-lang\modules\scala-parser-combinators_2.12\1.0.6\scala-parser-combinators_2.12-1.0.6.jar;C:\Users\win10\.m2\repository\com\googlecode\java-diff-utils\diffutils\1.3.0\diffutils-1.3.0.jar;C:\Users\win10\.m2\repository\org\scala-lang\modules\scala-xml_2.12\1.0.6\scala-xml_2.12-1.0.6.jar;C:\Users\win10\.m2\repository\org\scala-lang\scala-library\2.12.7\scala-library-2.12.7.jar;C:\Users\win10\.m2\repository\com\typesafe\scala-logging\scala-logging_2.12\3.7.2\scala-logging_2.12-3.7.2.jar;C:\Users\win10\.m2\repository\org\atteo\evo-inflector\1.2.2\evo-inflector-1.2.2.jar;C:\Users\win10\.m2\repository\commons-io\commons-io\2.5\commons-io-2.5.jar;C:\Users\win10\.m2\repository\org\fusesource\jansi\jansi\1.17.1\jansi-1.17.1.jar;C:\Users\win10\.m2\repository\org\reflections\reflections\0.9.11\reflections-0.9.11.jar;C:\Users\win10\.m2\repository\org\scala-lang\modules\scala-java8-compat_2.12\0.9.0\scala-java8-compat_2.12-0.9.0.jar;C:\Users\win10\.m2\repository\org\apache\httpcomponents\fluent-hc\4.5.10\fluent-hc-4.5.10.jar;C:\Users\win10\.m2\repository\commons-logging\commons-logging\1.2\commons-logging-1.2.jar;C:\Users\win10\.m2\repository\org\apache\httpcomponents\httpclient\4.5.10\httpclient-4.5.10.jar;C:\Users\win10\.m2\repository\org\apache\httpcomponents\httpcore\4.4.12\httpcore-4.4.12.jar;C:\Users\win10\.m2\repository\commons-codec\commons-codec\1.11\commons-codec-1.11.jar;C:\Users\win10\.m2\repository\org\apache\commons\commons-lang3\3.8.1\commons-lang3-3.8.1.jar;C:\Users\win10\.m2\repository\org\jooq\jool\0.9.14\jool-0.9.14.jar;C:\Users\win10\.m2\repository\com\github\rholder\guava-retrying\2.0.0\guava-retrying-2.0.0.jar;C:\Users\win10\.m2\repository\javax\mail\mail\1.5.0-b01\mail-1.5.0-b01.jar;C:\Users\win10\.m2\repository\javax\activation\activation\1.1\activation-1.1.jar;"/>
    <property name="sun.cpu.endian" value="little"/>
    <property name="user.home" value="C:\Users\win10"/>
    <property name="user.language" value="en"/>
    <property name="java.specification.vendor" value="Oracle Corporation"/>
    <property name="java.home" value="C:\Program Files\Java\jdk1.8.0_221\jre"/>
    <property name="basedir" value="C:\Users\win10\workspaceSts\ApiProviderPact-1"/>
    <property name="file.separator" value="\"/>
    <property name="line.separator" value="&#10;"/>
    <property name="java.vm.specification.vendor" value="Oracle Corporation"/>
    <property name="java.specification.name" value="Java Platform API Specification"/>
    <property name="java.awt.graphicsenv" value="sun.awt.Win32GraphicsEnvironment"/>
    <property name="surefire.real.class.path" value="C:\Users\win10\AppData\Local\Temp\surefire8997951918001787588\surefirebooter9015776613054178462.jar"/>
    <property name="sun.boot.class.path" value="C:\Program Files\Java\jdk1.8.0_221\jre\lib\resources.jar;C:\Program Files\Java\jdk1.8.0_221\jre\lib\rt.jar;C:\Program Files\Java\jdk1.8.0_221\jre\lib\sunrsasign.jar;C:\Program Files\Java\jdk1.8.0_221\jre\lib\jsse.jar;C:\Program Files\Java\jdk1.8.0_221\jre\lib\jce.jar;C:\Program Files\Java\jdk1.8.0_221\jre\lib\charsets.jar;C:\Program Files\Java\jdk1.8.0_221\jre\lib\jfr.jar;C:\Program Files\Java\jdk1.8.0_221\jre\classes"/>
    <property name="user.script" value=""/>
    <property name="sun.management.compiler" value="HotSpot 64-Bit Tiered Compilers"/>
    <property name="java.runtime.version" value="1.8.0_221-b11"/>
    <property name="user.name" value="win10"/>
    <property name="path.separator" value=";"/>
    <property name="os.version" value="10.0"/>
    <property name="java.endorsed.dirs" value="C:\Program Files\Java\jdk1.8.0_221\jre\lib\endorsed"/>
    <property name="java.runtime.name" value="Java(TM) SE Runtime Environment"/>
    <property name="file.encoding" value="Cp1252"/>
    <property name="pactbroker.auth.scheme" value="bearer"/>
    <property name="java.vm.name" value="Java HotSpot(TM) 64-Bit Server VM"/>
    <property name="pactbroker.auth.username" value="gkVaD1WTH04Fc5DH12WJnQ"/>
    <property name="localRepository" value="C:\Users\win10\.m2\repository"/>
    <property name="java.vendor.url.bug" value="http://bugreport.sun.com/bugreport/"/>
    <property name="java.io.tmpdir" value="C:\Users\win10\AppData\Local\Temp\"/>
    <property name="java.version" value="1.8.0_221"/>
    <property name="user.dir" value="C:\Users\win10\workspaceSts\ApiProviderPact-1"/>
    <property name="os.arch" value="amd64"/>
    <property name="java.vm.specification.name" value="Java Virtual Machine Specification"/>
    <property name="java.awt.printerjob" value="sun.awt.windows.WPrinterJob"/>
    <property name="sun.os.patch.level" value=""/>
    <property name="pactbroker.host" value="https://nandinikantu.pact.dius.com.au"/>
    <property name="java.library.path" value="C:\Program Files\Java\jdk1.8.0_221\jre\bin;C:\Windows\Sun\Java\bin;C:\Windows\system32;C:\Windows;C:\Program Files (x86)\Common Files\Oracle\Java\javapath;C:\Windows\system32;C:\Windows;C:\Windows\System32\Wbem;C:\Windows\System32\WindowsPowerShell\v1.0\;C:\Windows\System32\OpenSSH\;C:\Program Files\Git\cmd;C:\Softwares\apache-maven-3.3.9-bin\apache-maven-3.3.9\bin;C:\Program Files\Java\jdk1.8.0_221\bin;C:\Users\win10\AppData\Local\Microsoft\WindowsApps;;."/>
    <property name="java.vm.info" value="mixed mode"/>
    <property name="java.vendor" value="Oracle Corporation"/>
    <property name="java.vm.version" value="25.221-b11"/>
    <property name="java.ext.dirs" value="C:\Program Files\Java\jdk1.8.0_221\jre\lib\ext;C:\Windows\Sun\Java\lib\ext"/>
    <property name="sun.io.unicode.encoding" value="UnicodeLittle"/>
    <property name="java.class.version" value="52.0"/>
  </properties>
  <testcase name="initializationError" classname="com.bookshopapp.BookShopMaintenanceApplicationProviderTests" time="0.008">
    <error message="https" type="java.net.UnknownHostException">java.net.UnknownHostException: https
</error>
    <system-out><![CDATA[16:46:07.207 [main] DEBUG au.com.dius.pact.provider.junit.loader.PactBrokerLoader - Loading pacts from pact broker for provider bookProvider and tag latest
16:46:08.124 [main] DEBUG au.com.dius.pact.pactbroker.HalClientBase - Fetching: /
16:46:09.562 [main] DEBUG org.apache.http.client.protocol.RequestAddCookies - CookieSpec selected: default
16:46:09.590 [main] DEBUG org.apache.http.client.protocol.RequestAuthCache - Auth cache not set in the context
16:46:09.593 [main] DEBUG org.apache.http.impl.conn.PoolingHttpClientConnectionManager - Connection request: [route: {s}->https://https:443][total kept alive: 0; route allocated: 0 of 5; total allocated: 0 of 10]
16:46:09.623 [main] DEBUG org.apache.http.impl.conn.PoolingHttpClientConnectionManager - Connection leased: [id: 0][route: {s}->https://https:443][total kept alive: 0; route allocated: 1 of 5; total allocated: 1 of 10]
16:46:09.628 [main] DEBUG org.apache.http.impl.execchain.MainClientExec - Opening connection {s}->https://https:443
16:46:11.888 [main] DEBUG org.apache.http.impl.conn.DefaultManagedHttpClientConnection - http-outgoing-0: Shutdown connection
16:46:11.888 [main] DEBUG org.apache.http.impl.execchain.MainClientExec - Connection discarded
16:46:11.889 [main] DEBUG org.apache.http.impl.conn.PoolingHttpClientConnectionManager - Connection released: [id: 0][route: {s}->https://https:443][total kept alive: 0; route allocated: 0 of 5; total allocated: 0 of 10]
]]></system-out>
  </testcase>
</testsuite>